Determining if the pthread_create exist failed with the following output:
Change Dir: /home/bookfarmer/catkin_ws/build/CMakeFiles/CMakeTmp

Run Build Command:"/usr/bin/make" "cmTC_6cb03/fast"
/usr/bin/make -f CMakeFiles/cmTC_6cb03.dir/build.make CMakeFiles/cmTC_6cb03.dir/build
make[1]: Entering directory '/home/bookfarmer/catkin_ws/build/CMakeFiles/CMakeTmp'
Building C object CMakeFiles/cmTC_6cb03.dir/CheckSymbolExists.c.o
/usr/bin/cc    -o CMakeFiles/cmTC_6cb03.dir/CheckSymbolExists.c.o   -c /home/bookfarmer/catkin_ws/build/CMakeFiles/CMakeTmp/CheckSymbolExists.c
Linking C executable cmTC_6cb03
/usr/bin/cmake -E cmake_link_script CMakeFiles/cmTC_6cb03.dir/link.txt --verbose=1
/usr/bin/cc      -rdynamic CMakeFiles/cmTC_6cb03.dir/CheckSymbolExists.c.o  -o cmTC_6cb03 
CMakeFiles/cmTC_6cb03.dir/CheckSymbolExists.c.o: In function `main':
CheckSymbolExists.c:(.text+0x1b): undefined reference to `pthread_create'
collect2: error: ld returned 1 exit status
CMakeFiles/cmTC_6cb03.dir/build.make:97: recipe for target 'cmTC_6cb03' failed
make[1]: *** [cmTC_6cb03] Error 1
make[1]: Leaving directory '/home/bookfarmer/catkin_ws/build/CMakeFiles/CMakeTmp'
Makefile:126: recipe for target 'cmTC_6cb03/fast' failed
make: *** [cmTC_6cb03/fast] Error 2

File /home/bookfarmer/catkin_ws/build/CMakeFiles/CMakeTmp/CheckSymbolExists.c:
/* */
#include <pthread.h>

int main(int argc, char** argv)
{
  (void)argv;
#ifndef pthread_create
  return ((int*)(&pthread_create))[argc];
#else
  (void)argc;
  return 0;
#endif
}

Determining if the function pthread_create exists in the pthreads failed with the following output:
Change Dir: /home/bookfarmer/catkin_ws/build/CMakeFiles/CMakeTmp

Run Build Command:"/usr/bin/make" "cmTC_6647c/fast"
/usr/bin/make -f CMakeFiles/cmTC_6647c.dir/build.make CMakeFiles/cmTC_6647c.dir/build
make[1]: Entering directory '/home/bookfarmer/catkin_ws/build/CMakeFiles/CMakeTmp'
Building C object CMakeFiles/cmTC_6647c.dir/CheckFunctionExists.c.o
/usr/bin/cc   -DCHECK_FUNCTION_EXISTS=pthread_create   -o CMakeFiles/cmTC_6647c.dir/CheckFunctionExists.c.o   -c /usr/share/cmake-3.10/Modules/CheckFunctionExists.c
Linking C executable cmTC_6647c
/usr/bin/cmake -E cmake_link_script CMakeFiles/cmTC_6647c.dir/link.txt --verbose=1
/usr/bin/cc  -DCHECK_FUNCTION_EXISTS=pthread_create    -rdynamic CMakeFiles/cmTC_6647c.dir/CheckFunctionExists.c.o  -o cmTC_6647c -lpthreads 
/usr/bin/ld: cannot find -lpthreads
collect2: error: ld returned 1 exit status
CMakeFiles/cmTC_6647c.dir/build.make:97: recipe for target 'cmTC_6647c' failed
make[1]: *** [cmTC_6647c] Error 1
make[1]: Leaving directory '/home/bookfarmer/catkin_ws/build/CMakeFiles/CMakeTmp'
Makefile:126: recipe for target 'cmTC_6647c/fast' failed
make: *** [cmTC_6647c/fast] Error 2


